<?xml version="1.0" encoding="UTF-8"?>
<!-- Generated by org.testng.reporters.JUnitReportReporter -->
<testsuite hostname="MAHADEV" failures="0" tests="1" name="TestCases.HomepageTest" time="8.949" errors="0" timestamp="2024-08-25T20:11:20 IST" skipped="0">
  <testcase classname="TestCases.HomepageTest" name="TC_01AddtoCartTest" time="8.949"/>
  <system-out/>
</testsuite> <!-- TestCases.HomepageTest -->
