<?xml version="1.0" encoding="UTF-8"?>
<!-- Generated by org.testng.reporters.JUnitReportReporter -->
<testsuite hostname="MAHADEV" failures="0" tests="3" name="TestCases.LoginTest" time="11.867" errors="0" timestamp="2024-08-25T20:11:20 IST" skipped="0">
  <testcase classname="TestCases.LoginTest" name="loginSucessTest" time="4.101"/>
  <system-out/>
  <testcase classname="TestCases.LoginTest" name="LockedUser" time="3.799"/>
  <system-out/>
  <testcase classname="TestCases.LoginTest" name="LoginFailureTest" time="3.967"/>
  <system-out/>
</testsuite> <!-- TestCases.LoginTest -->
