<?xml version="1.0" encoding="UTF-8"?>
<!-- Generated by org.testng.reporters.JUnitReportReporter -->
<testsuite hostname="MAHADEV" failures="0" tests="1" name="TestCases.HomepageTest" time="10.426" errors="0" timestamp="2024-08-10T19:43:25 IST" skipped="0">
  <testcase classname="TestCases.HomepageTest" name="TC_01AddtoCartTest" time="10.426"/>
  <system-out/>
</testsuite> <!-- TestCases.HomepageTest -->
